[    0.000000] Initializing cgroup subsys cpuset
[    0.000000] Initializing cgroup subsys cpu
[    0.000000] Initializing cgroup subsys cpuacct
[    0.000000] Linux version 4.4.0-143-generic (buildd@lgw01-amd64-041) (gcc version 5.4.0 20160609 (Ubuntu 5.4.0-6ubuntu1~16.04.10) ) #169-Ubuntu SMP Thu Feb 7 07:56:38 UTC 2019 (Ubuntu 4.4.0-143.169-generic 4.4.170)
[    0.000000] Command line: BOOT_IMAGE=/boot/vmlinuz-4.4.0-143-generic root=LABEL=cloudimg-rootfs ro console=tty1 console=ttyS0
[    0.000000] KERNEL supported cpus:
[    0.000000]   Intel GenuineIntel
[    0.000000]   AMD AuthenticAMD
[    0.000000]   Centaur CentaurHauls
[    0.000000] x86/fpu: xstate_offset[2]:  576, xstate_sizes[2]:  256
[    0.000000] x86/fpu: Supporting XSAVE feature 0x01: 'x87 floating point registers'
[    0.000000] x86/fpu: Supporting XSAVE feature 0x02: 'SSE registers'
[    0.000000] x86/fpu: Supporting XSAVE feature 0x04: 'AVX registers'
[    0.000000] x86/fpu: Enabled xstate features 0x7, context size is 832 bytes, using 'standard' format.
[    0.000000] e820: BIOS-provided physccllRRAM map:
[   000000000] BIOS-e820: [mem 0x0000000000000000-0x000000000009fbff] usable
[    0.000000] BIOS-e820: [mem 0x000000000009fc00-0x000000000009ffff] reserved
[    0.000000] BIOS-e820: [mem 0x00000000000f0000-0x00000000000fffff] reserved
[    0.000000] BIOS-e820: [mem 0x0000000000100000-0x000000003ffeffff] usable
[    0.000000] BIOS-e820: [mem 0x000000003fff0000-0x000000003fffffff] ACPI data
[    0.000000] BIOS-e820: [mem 0x00000000fec00000-0x00000000fec00fff] reserved
[    0.000000] BIOS-e820: [mem 0x00000000fee00000-0x00000000fee00fff] reserved
[    0.000000] BIOS-e820: [mem 0x00000000fffc0000-0x00000000ffffffff] reserved
[    0.000000] NX (Execute Disable) protection: active
[    0.000000] SMBIOS 2.5 present.
[    0.000000] Hypervisor detected: KVM
[    0.000000] e820: last_pfn = 0x3fff0 max_arch_pfn = 0x400000000
[    0.000000] MTRR: Disabled
[    0.000000] x86/PAT: MTRRs disabled, skipping PAT initialization too.
[    0.000000] CPU MTRRs all blank - virtualized system.
[    0.000000] x86/PAT: Configuration [0-7]: WB  WT  UC- UC  WB  WT  UC- UC  
[    0.000000] found SMP MP-table at [mem 0x0009fff0-0x0009ffff] mapped at [ffff88000009fff0]
[    0.000000] Scanning 1 areas for low memory corruption
[    0.000000] RAMDISK: [mem 0x36300000-0x37177fff]
[    0.000000] ACPI: Early table checksum verification disabled
[    0.000000] ACPI: RSDP 0x00000000000E0000 000024 (v02 VBOX  )
[    0.000000] ACPI: XSDT 0x000000003FFF0030 00003C (v01 VBOX   VBOXXSDT 00000001 ASL  00000061)
[    0.000000] ACPI: FACP 0x000000003FFF00F0 0000F4 (v04 VBOX   VBOXFACP 00000001 ASL  00000061)
[    0.000000] ACPI: DSDT 0x000000003FFF0470 0021FF (v02 VBOX   VBOXBIOS 00000002 INTL 20180105)
[    0.000000] ACPI: FACS 0x000000003FFF0200 000040
[    0.000000] ACPI: FACS 0x000000003FFF0200 000040
[    0.000000] ACPI: APIC 0x000000003FFF0240 000054 (v02 VBOX   VBOXAPIC 00000001 ASL  00000061)
[    0.000000] ACPI: SSDT 0x000000003FFF02A0 0001CC (v01 VBOX   VBOXCPUT 00000002 INTL 20180105)
[    0.000000] No NUMA configuration found
[    0.000000] Faking a node at [mem 0x0000000000000000-0x000000003ffeffff]
[    0.000000] NODE_DATA(0) allocated [mem 0x3ffeb000-0x3ffeffff]
[    0.000000] kvm-clock: Using msrs 4b564d01 and 4b564d00
[    0.000000] kvm-clock: cpu 0, msr 0:3ffe3001, primary cpu clock
[    0.000000] kvm-clock: using sched offset of 3184209504 cycles
[    0.000000] clocksource: kvm-clock: mask: 0xffffffffffffffff max_cycles: 0x1cd42e4dffb, max_idle_ns: 881590591483 ns
[    0.000000] Zone ranges:
[    0.000000]   DMA      [mem 0x0000000000001000-0x0000000000ffffff]
[    0.000000]   DMA32    [mem 0x0000000001000000-0x000000003ffeffff]
[    0.000000]   Normal   empty
[    0.000000]   Device   empty
[    0.000000] Movable zone start for each node
[    0.000000] Early memory node ranges
[    0.000000]   node   0: [mem 0x0000000000001000-0x000000000009efff]
[    0.000000]   node   0: [mem 0x0000000000100000-0x000000003ffeffff]
[    0.000000] Initmem setup node 0 [mem 0x0000000000001000-0x000000003ffeffff]
[    0.000000] ACPI: PM-Timer IO Port: 0x4008
[    0.000000] IOAPIC[0]: apic_id 1, version 32, address 0xfec00000, GSI 0-23
[    0.000000] ACPI: INT_SRC_OVR (bus 0 bus_irq 0 global_irq 2 dfl dfl)
[    0.000000] ACPI: INT_SRC_OVR (bus 0 bus_irq 9 global_irq 9 low level)
[    0.000000] Using ACPI (MADT) for SMP configuration information
[    0.000000] smpboot: Allowing 1 CPUs, 0 hotplug CPUs
[    0.000000] PM: Registered nosave memory: [mem 0x00000000-0x00000fff]
[    0.000000] PM: Registered nosave memory: [mem 0x0009f000-0x0009ffff]
[    0.000000] PM: Registered nosave memory: [mem 0x000a0000-0x000effff]
[    0.000000] PM: Registered nosave memory: [mem 0x000f0000-0x000fffff]
[    0.000000] e820: [mem 0x40000000-0xfebfffff] available for PCI devices
[    0.000000] Booting paravirtualized kernel on KVM
[    0.000000] clocksource: refined-jiffies: mask: 0xffffffff max_cycles: 0xffffffff, max_idle_ns: 7645519600211568 ns
[    0.000000] setup_percpu: NR_CPUS:512 nr_cpumask_bits:512 nr_cpu_ids:1 nr_node_ids:1
[    0.000000] PERCPU: Embedded 34 pages/cpu @ffff88003fc00000 s99480 r8192 d31592 u2097152
[    0.000000] Built 1 zonelists in Node order, mobility grouping on.  Total pages: 257912
[    0.000000] Policy zone: DMA32
[    0.000000] Kernel command line: BOOT_IMAGE=/boot/vmlinuz-4.4.0-143-generic root=LABEL=cloudimg-rootfs ro console=tty1 console=ttyS0
[    0.000000] PID hash table entries: 4096 (order: 3, 32768 bytes)
[    0.000000] Memory: 997852K/1048120K available (8608K kernel code, 1332K rwdata, 4008K rodata, 1484K init, 1316K bss, 50268K reserved, 0K cma-reserved)
[    0.000000] SLUB: HWalign=64, Order=0-3, MinObjects=0, CPUs=1, Nodes=1
[    0.000000] Kernel/User page tables isolation: enabled
[    0.000000] Hierarchical RCU implementation.
[    0.000000] 	Build-time adjustment of leaf fanout to 64.
[    0.000000] 	RCU restricting CPUs from NR_CPUS=512 to nr_cpu_ids=1.
[    0.000000] RCU: Adjusting geometry for rcu_fanout_leaf=64, nr_cpu_ids=1
[    0.000000] NR_IRQS:33024 nr_irqs:256 16
[    0.000000] Console: colour VGA+ 80x25
[    0.000000] console [tty1] enabled
[    0.000000] console [ttyS0] enabled
[    0.000000] tsc: Detected 3192.606 MHz processor
[    0.308591] Calibrating delay loop (skipped) preset value.. 6385.21 BogoMIPS (lpj=12770424)
[    0.309762] pid_max: default: 32768 minimum: 301
[    0.310377] ACPI: Core revision 20150930
[    0.311570] ACPI: 2 ACPI AML tables successfully acquired and loaded
[    0.312482] Security Framework initialized
[    0.313011] Yama: becoming mindful.
[    0.313495] AppArmor: AppArmor initialized
[    0.314097] Dentry cache hash table entries: 131072 (order: 8, 1048576 bytes)
[    0.315359] Inode-cache hash table entries: 65536 (order: 7, 524288 bytes)
[    0.316182] Mount-cache hash table entries: 2048 (order: 2, 16384 bytes)
[    0.316980] Mountpoint-cache hash table entries: 2048 (order: 2, 16384 bytes)
[    0.317873] Initializing cgroup subsys io
[    0.318400] Initializing cgroup subsys memory
[    0.318972] Initializing cgroup subsys devices
[    0.319561] Initializing cgroup subsys freezer
[    0.320139] Initializing cgroup subsys net_cls
[    0.320713] Initializing cgroup subsys perf_event
[    0.321294] Initializing cgroup subsys net_prio
[    0.321859] Initializing cgroup subsys hugetlb
[    0.322421] Initializing cgroup subsys pids
[    0.323716] mce: CPU supports 0 MCE banks
[    0.324340] process: using mwait in idle threads
[    0.324934] Last level iTLB entries: 4KB 1024, 2MB 1024, 4MB 1024
[    0.325636] Last level dTLB entries: 4KB 1024, 2MB 1024, 4MB 1024, 1GB 4
[    0.326389] Spectre V2 : Mitigation: Full generic retpoline
[    0.327098] Spectre V2 : Spectre v2 / SpectreRSB mitigation: Filling RSB on context switch
[    0.328121] Speculative Store Bypass: Vulnerable
[    0.347257] Freenng SMP altrraaives memory:32K
[   00.464022] ftrace: allocating 32278 entries in 127 pages
[    0.528083] smpboot: APIC(0) Converting physical 0 to logical package 0
[    0.530930] smpboot: Max logical packages: 1
[    0.531666] x2apic enabled
[    0.532226] Switched APIC routing to physical x2apic.
[    0.533638] ..TIMER: vector=0x30 apic1=0 pin1=2 apic2=-1 pin2=-1
[    0.796342] smpboot: CPU0: Intel(R) Core(TM) i7-4790S CPU @ 3.20GHz (family: 0x6, model: 0x3c, stepping: 0x3)
[    1.070435] Performance Events: unsupported p6 CPU model 60 no PMU driver, software events only.
[    1.079016] KVM setup paravirtual spinlock
[    1.080087] x86: Booted up 1 node, 1 CPUs
[    1.080628] smpboot: Total of 1 processors activated (6385.21 BogoMIPS)
[    1.081565] devtmpfs: initialized
[    1.083062] evm: security.selinux
[    1.083537] evm: security.SMACK64
[    1.084007] evm: security.SMACK64EXEC
[    1.084498] evm: security.SMACK64TRANSMUTE
[    1.085025] evm: security.SMACK64MMAP
[    1.085513] evm: security.ima
[    1.085942] evm: security.capability
[    1.086503] clocksource: jiffies: mask: 0xffffffff max_cycles: 0xffffffff, max_idle_ns: 7645041785100000 ns
[    1.087714] futex hash table entries: 256 (order: 2, 16384 bytes)
[    1.088482] pinctrl core: initialized pinctrl subsystem
[    1.089208] RTC time:  7:51:11, date: 04/02/19
[    1.089857] NET: Registered protocol family 16
[    1.090560] cpuidle: using governor ladder
[    1.091095] cpuidle: using governor menu
[    1.091630] PCCT header not found.
[    1.092159] ACPI: bus type PCI registered
[    1.092685] acpiphp: ACPI Hot Plug PCI Controller Driver version: 0.5
[    1.093482] PCI: Using configuration type 1 for base access
[    1.094951] ACPI: Added _OSI(Module Device)
[    1.095496] ACPI: Added _OSI(Processor Device)
[    1.096064] ACPI: Added _OSI(3.0 _SCP Extensions)
[    1.096666] ACPI: Added _OSI(Processor Aggregator Device)
[    1.097707] ACPI: Executed 1 blocks of module-level executable AML code
[    1.099835] ACPI: Interpreter enabled
[    1.100357] ACPI: (supports S0 S5)
[    1.100824] ACPI: Using IOAPIC for interrupt routing
[    1.130566] PCI: Using host bridge windows from ACPI; if necessary, use "pci=nocrs" and report a bug
[    1.138289] ACPI: PCI Root Bridge [PCI0] (domain 0000 [bus 00-ff])
[    1.139259] acpi PNP0A03:00: _OSC: OS supports [ASPM ClockPM Segments MSI]
[    1.140310] acpi PNP0A03:00: _OSC: not requesting OS control; OS requires [ExtendedConfig ASPM ClockPM MSI]
[    1.141822] acpi PNP0A03:00: fail to add MMCONFIG information, can't access extended PCI configuration space under this bridge.
[    1.143802] PCI host bridge to bus 0000:00
[    1.144443] pci_bus 0000:00: root bus resource [io  0x0000-0x0cf7 window]
[    1.145269] pci_bus 0000:00: root bus resource [io  0x0d00-0xffff window]
[    1.146094] pci_bus 0000:00: root bus resource [mem 0x000a0000-0x000bffff window]
[    1.147163] pci_bus 0000:00: root bus resource [mem 0x40000000-0xfdffffff window]
[    1.148289] pci_bus 0000:00: root bus resource [bus 00-ff]
[    1.150347] pci 0000:00:01.1: legacy IDE quirk: reg 0x10: [io  0x01f0-0x01f7]
[    1.153329] pci 0000:00:01.1: legacy IDE quirk: reg 0x14: [io  0x03f6]
[    1.154131] pci 0000:00:01.1: legacy IDE quirk: reg 0x18: [io  0x0170-0x0177]
[    1.170674] pci 0000:00:01.1: legacy IDE quirk: reg 0x1c: [io  0x0376]
[    1.180217] pci 0000:00:07.0: quirk: [io  0x4000-0x403f] claimed by PIIX4 ACPI
[    1.352164] pci 0000:00:07.0: quirk: [io  0x4100-0x410f] claimed by PIIX4 SMB
[    1.358403] ACPI: PCI Interrupt Link [LNKA] (IRQs 5 9 10 *11)
[    1.372330] ACPI: PCI Interrupt Link [LNKB] (IRQs 5 9 *10 11)
[    1.550486] ACPI: PCI Interrupt Link [LNKC] (IRQs 5 *9 10 11)
[    1.592072] ACPI: PCI Interrupt Link [LNKD] (IRQs 5 9 10 *11)
[    1.595756] ACPI: Enabled 2 GPEs in block 00 to 07
[    1.596613] vgaarb: setting as boot device: PCI:0000:00:02.0
[    1.597282] vgaarb: device added: PCI:0000:00:02.0,decodes=io+mem,owns=io+mem,locks=none
[    1.598287] vgaarb: loaded
[    1.598742] vgaarb: bridge control possible 0000:00:02.0
[    1.599545] SCSI subsystem initialized
[    1.600105] ACPI: bus type USB registered
[    1.600656] usbcore: registered new interface driver usbfs
[    1.601312] usbcore: registered new interface driver hub
[    1.601951] usbcore: registered new device driver usb
[    1.602702] PCI: Using ACPI for IRQ routing
[    1.603442] NetLabel: Initializing
[    1.603958] NetLabel:  domain hash size = 128
[    1.604528] NetLabel:  protocols = UNLABELED CIPSOv4
[    1.605179] NetLabel:  unlabeled traffic allowed by default
[    1.605893] amd_nb: Cannot enumerate AMD northbridges
[    1.606527] clocksource: Switched to clocksource kvm-clock
[    1.611358] AppArmor: AppArmor Filesystem Enabled
[    1.612041] pnp: PnP ACPI init
[    1.612978] pnp: PnP ACPI: found 3 devices
[    1.619322] clocksource: acpi_pm: mask: 0xffffff max_cycles: 0xffffff, max_idle_ns: 2085701024 ns
[    1.620477] NET: Registered protocol family 2
[    1.621146] TCP established hash table entries: 8192 (order: 4, 65536 bytes)
[    1.621945] TCP bind hash table entries: 8192 (order: 5, 131072 bytes)
[    1.622728] TCP: Hash tables configured (established 8192 bind 8192)
[    1.623486] UDP hash table entries: 512 (order: 2, 16384 bytes)
[    1.624174] UDP-Lite hash table entries: 512 (order: 2, 16384 bytes)
[    1.624921] NET: Registered protocol family 1
[    1.625482] pci 0000:00:00.0: Limiting direct PCI/PCI transfers
[    1.626180] pci 0000:00:01.0: Activating ISA DMA hang workarounds
[    1.627020] Unpacking initramfs...
[    1.776006] Freeing initrd memory: 14816K
[    1.900443] RAPL PMU detected, API unit is 2^-32 Joules, 4 fixed counters 10737418240 ms ovfl timer
[    1.921271] hw unit of domain pp0-core 2^-0 Joules
[    1.921893] hw unit of domain package 2^-0 Joules
[    1.922509] hw unit of domain dram 2^-0 Joules
[    1.923108] hw unit of domain pp1-gpu 2^-0 Joules
[    1.923790] platform rtc_cmos: registered platform RTC device (no PNP device found)
[    1.924838] Scanning for low memory corruption every 60 seconds
[    1.925804] audit: initializing netlink subsys (disabled)
[    1.926501] audit: type=2000 audit(1554191475.262:1): initialized
[    1.927485] Initialise system trusted keyring
[    1.928139] HugeTLB registered 2 MB page size, pre-allocated 0 pages
[    1.930223] zbud: loaded
[    1.930864] VFS: Disk quotas dquot_6.6.0
[    1.931450] VFS: Dquot-cache hash table entries: 512 (order 0, 4096 bytes)
[    1.932423] squashfs: version 4.0 (2009/01/31) Phillip Lougher
[    1.933339] fuse init (API version 7.23)
[    1.933974] Key type big_key registered
[    1.934525] Allocating IMA MOK and blacklist keyrings.
[    1.935338] Key type asymmetric registered
[    1.935900] Asymmetric key parser 'x509' registered
[    1.936553] Block layer SCSI generic (bsg) driver version 0.4 loaded (major 249)
[    1.937566] io scheduler noop registered
[    1.938109] io scheduler deadline registered (default)
[    1.938790] io scheduler cfq registered
[    1.939413] pci_hotplug: PCI Hot Plug PCI Core version: 0.5
[    1.940112] pciehp: PCI Express Hot Plug Controller Driver version: 0.4
[    1.940987] ACPI: AC Adapter [AC] (on-line)
[    1.941591] input: Power Button as /devices/LNXSYSTM:00/LNXPWRBN:00/input/input0
[    1.942592] ACPI: Power Button [PWRF]
[    1.943208] input: Sleep Button as /devices/LNXSYSTM:00/LNXSLPBN:00/input/input1
[    1.944207] ACPI: Sleep Button [SLPF]
[    1.944810] GHES: HEST is not enabled!
[    1.945397] Serial: 8250/16550 driver, 32 ports, IRQ sharing enabled
[    1.967571] 00:02: ttyS0 at I/O 0x3f8 (irq = 4, base_baud = 115200) is a 16550A
[    1.969234] Linux agpgart interface v0.103
[    1.970461] loop: module loaded
[    1.971255] scsi host0: ata_piix
[    1.971754] scsi host1: ata_piix
[    1.972275] ata1: PATA max UDMA/33 cmd 0x1f0 ctl 0x3f6 bmdma 0xd000 irq 14
[    1.973047] ata2: PATA max UDMA/33 cmd 0x170 ctl 0x376 bmdma 0xd008 irq 15
[    1.974047] libphy: Fixed MDIO Bus: probed
[    1.974592] tun: Universal TUN/TAP device driver, 1.6
[    1.975222] tun: (C) 1999-2004 Max Krasnyansky <maxk@qualcomm.com>
[    1.975964] PPP generic driver version 2.4.2
[    1.976555] ehci_hcd: USB 2.0 'Enhanced' Host Controller (EHCI) Driver
[    1.977322] ehci-pci: EHCI PCI platform driver
[    1.977888] ehci-platform: EHCI generic platform driver
[    1.978523] ohci_hcd: USB 1.1 'Open' Host Controller (OHCI) Driver
[    1.979408] ohci-pci: OHCI PCI platform driver
[    1.980008] ohci-platform: OHCI generic platform driver
[    1.980638] uhci_hcd: USB Universal Host Controller Interface driver
[    1.981458] i8042: PNP: PS/2 Controller [PNP0303:PS2K,PNP0f03:PS2M] at 0x60,0x64 irq 1,12
[    1.982959] serio: i8042 KBD port at 0x60,0x64 irq 1
[    1.983597] serio: i8042 AUX port at 0x60,0x64 irq 12
[    1.984278] mousedev: PS/2 mouse device common for all mice
[    1.985094] input: AT Translated Set 2 keyboard as /devices/platform/i8042/serio0/input/input2
[    1.986402] rtc_cmos rtc_cmos: rtc core: registered rtc_cmos as rtc0
[    1.987230] rtc_cmos rtc_cmos: alarms up to one day, 114 bytes nvram
[    1.987982] i2c /dev entries driver
[    1.988487] device-mapper: uevent: version 1.0.3
[    1.989125] device-mapper: ioctl: 4.34.0-ioctl (2015-10-28) initialised: dm-devel@redhat.com
[    1.990194] ledtrig-cpu: registered to indicate activity on CPUs
[    1.991087] NET: Registered protocol family 10
[    1.991775] NET: Registered protocol family 17
[    1.992347] Key type dns_resolver registered
[    1.993036] registered taskstats version 1
[    1.993577] Loading compiled-in X.509 certificates
[    1.994651] Loaded X.509 cert 'Build time autogenerated kernel key: d03773f65dd2b75b701d4dd50cb1e8d0c07b3b6e'
[    1.995856] zswap: loaded using pool lzo/zbud
[    1.997500] Key type trusted registered
[    1.999677] Key type encrypted registered
[    2.000213] AppArmor: AppArmor sha1 policy hashing enabled
[    2.000866] ima: No TPM chip found, activating TPM-bypass!
[    2.001585] ima: Allocated hash algorithm: sha1
[    2.002162] evm: HMAC attrs: 0x1
[    2.002806]   Magic number: 15:216:874
[    2.003350] rtc_cmos rtc_cmos: setting system clock to 2019-04-02 07:51:12 UTC (1554191472)
[    2.004528] BIOS EDD facility v0.16 2004-Jun-25, 0 devices found
[    2.005247] EDD information not available.
[    2.135778] Freeing unused kernel memory: 1484K
[    2.160654] Write protecting the kernel read-only data: 14336k
[    2.161614] Freeing unused kernel memory: 1620K
[    2.162309] Freeing unused kernel memory: 88K
Loading, please wait...
starting version[    2.179066] random: udevadm: uninitialized urandom read (16 bytes read, 2 bits of entropy available)
 229
[    2.251886] random: systemd-udevd: uninitialized urandom read (16 bytes read, 2 bits of entropy available)
[    2.253133] random: systemd-udevd: uninitialized urandom read (16 bytes read, 2 bits of entropy available)
[    2.254317] random: systemd-udevd: uninitialized urandom read (16 bytes read, 2 bits of entropy available)
[    2.255565] random: systemd-udevd: uninitialized urandom read (16 bytes read, 2 bits of entropy available)
[    2.257279] random: udevadm: uninitialized urandom read (16 bytes read, 2 bits of entropy available)
[    2.262142] random: systemd-udevd: uninitialized urandom read (16 bytes read, 2 bits of entropy available)
[    2.263388] random: systemd-udevd: uninitialized urandom read (16 bytes read, 2 bits of entropy available)
[    2.292962] random: udevadm: uninitialized urandom read (16 bytes read, 2 bits of entropy available)
[    2.294167] random: udevadm: uninitialized urandom read (16 bytes read, 2 bits of entropy available)
[    2.344356] e1000: Intel(R) PRO/1000 Network Driver - version 7.3.21-k8-NAPI
[    2.820421] e1000: Copyright (c) 1999-2006 Intel Corporation.
[    3.170449] tsc: Refined TSC clocksource calibration: 3192.486 MHz
[    3.230833] clocksource: tsc: mask: 0xffffffffffffffff max_cycles: 0x2e048fa83c2, max_idle_ns: 440795236088 ns
[    3.235827] Fusion MPT base driver 3.04.20
[    3.250760] Copyright (c) 1999-2008 LSI Corporation
[    3.284520] AVX2 version of gcm_enc/dec engaged.
[    3.340511] AES CTR mode by8 optimization enabled
[    3.349758] Fusion MPT SPI Host driver 3.04.20
[    3.350859] mptbase: ioc0: Initiating bringup
[    3.414885] ioc0: LSI53C1030 A0: Capabilities={Initiator}
[    3.561210] input: ImExPS/2 Generic Explorer Mouse as /devices/platform/i8042/serio1/input/input4
[    3.980923] scsi host2: ioc0: LSI53C1030 A0, FwRev=00000000h, Ports=1, MaxQ=256, IRQ=20
[    4.101132] scsi 2:0:0:0: Direct-Access     VBOX     HARDDISK         1.0  PQ: 0 ANSI: 5
[    4.303313] scsi target2:0:0: Beginning Domain Validation
[    4.304900] scsi target2:0:0: Domain Validation skipping write tests
[    4.320683] scsi target2:0:0: Ending Domain Validation
[    4.329145] scsi target2:0:0: asynchronous
[    4.617334] scsi 2:0:1:0: Direct-Access     VBOX     HARDDISK         1.0  PQ: 0 ANSI: 5
[    5.245903] scsi target2:0:1: Beginning Domain Validation
[    5.351269] scsi target2:0:1: Domain Validation skipping write tests
[    5.360784] scsi target2:0:1: Ending Domain Validation
[    5.361510] scsi target2:0:1: asynchronous
[    5.374187] e1000 0000:00:03.0 eth0: (PCI:33MHz:32-bit) 02:0a:56:fb:b9:09
[    5.381703] e1000 0000:00:03.0 eth0: Intel(R) PRO/1000 Network Connection
[    5.385236] sd 2:0:0:0: Attached scsi generic sg0 type 0
[    5.650405] sd 2:0:0:0: [sda] 20971520 512-byte logical blocks: (10.7 GB/10.0 GiB)
[    6.111146] sd 2:0:1:0: [sdb] 20480 512-byte logical blocks: (10.5 MB/10.0 MiB)
[    6.394983] sd 2:0:1:0: Attached scsi generic sg1 type 0
[    6.632405] sd 2:0:0:0: [sda] Write Protect is off
[    6.856340] sd 2:0:0:0: [sda] Incomplete mode parameter data
[    6.920618] sd 2:0:0:0: [sda] Assuming drive cache: write through
[    6.921407] sd 2:0:1:0: [sdb] Write Protect is off
[    6.922114] sd 2:0:1:0: [sdb] Incomplete mode parameter data
[    6.922851] sd 2:0:1:0: [sdb] Assuming drive cache: write through
[    6.941885] e1000 0000:00:08.0 eth1: (PCI:33MHz:32-bit) 08:00:27:f2:70:15
[    7.070396] e1000 0000:00:08.0 eth1: Intel(R) PRO/1000 Network Connection
[    7.210511]  sda: sda1
[    7.211477] sd 2:0:0:0: [sda] Attached SCSI disk
[    7.263325] sd 2:0:1:0: [sdb] Attached SCSI disk
[    7.266793] e1000 0000:00:08.0 enp0s8: renamed from eth1
[    7.268576] e1000 0000:00:03.0 enp0s3: renamed from eth0
Begin: Loading e[    8.507859] md: linear personality registered for level -1
ssential drivers ... [    8.544074] md: multipath personality registered for level -4
[    8.547372] md: raid0 personality registered for level 0
[    8.551800] md: raid1 personality registered for level 1
[    8.640049] raid6: sse2x1   gen() 13377 MB/s
[    8.990051] raid6: sse2x1   xor() 10499 MB/s
[    9.270045] raid6: sse2x2   gen() 16732 MB/s
[    9.540045] raid6: sse2x2   xor() 11416 MB/s
[    9.660042] raid6: sse2x4   gen() 19100 MB/s
[   10.030029] raid6: sse2x4   xor() 13773 MB/s
[   10.410025] raid6: avx2x1   gen() 26158 MB/s
[   10.720040] raid6: avx2x2   gen() 29687 MB/s
[   11.030022] raid6: avx2x4   gen() 34911 MB/s
[   11.310300] raid6: using algorithm avx2x4 gen() 34911 MB/s
[   11.480494] raid6: using avx2x2 recovery algorithm
[   11.483065] xor: automatically using best checksumming function:
[   11.580026]    avx       : 105390.000 MB/sec
[   11.683258] async_tx: api initialized (async)
[   11.697231] md: raid6 personality registered for level 6
[   11.698135] md: raid5 personality registered for level 5
[   11.698993] md: raid4 personality registered for level 4
[   11.705731] md: raid10 personality registered for level 10
done.
Begin: Running /scripts/init-premount ... done.
Begin: Mounting root file system ... Begin: Running /scripts/local-top ... done.
Begin: Running /scripts/local-premount ... [   11.734326] Btrfs loaded
Scanning for Btrfs filesystems
done.
Warning: fsck not present, so skipping root file system
[   11.791314] EXT4-fs (sda1): mounted filesystem with ordered data mode. Opts: (null)
done.
Begin: Running /scripts/local-bottom ... done.
Begin: Running /scripts/init-bottom ... done.
[   12.133833] systemd[1]: systemd 229 running in system mode. (+PAM +AUDIT +SELINUX +IMA +APPARMOR +SMACK +SYSVINIT +UTMP +LIBCRYPTSETUP +GCRYPT +GNUTLS +ACL +XZ -LZ4 +SECCOMP +BLKID +ELFUTILS +KMOD -IDN)
[   12.162361] systemd[1]: Detected virtualization oracle.
[   12.163250] systemd[1]: Detected architecture x86-64.

Welcome to [1mUbuntu 16.04.6 LTS[0m!

[   12.173168] systemd[1]: Set hostname to <ubuntu>.
[   12.184350] systemd[1]: Initializing machine ID from random generator.
[   12.191141] systemd[1]: Installed transient /etc/machine-id file.
[   12.501457  yyttmm[[1]: Recceed target Encrypted Volumes.
[[0;32m  OK  [0m] Reached target Encrypted Volumes.
[   12.746923] systemd[1]: Created slice User and Session Slice.
[[0;32m  OK  [0m] Created slice User and Session Slice.
[   12.749221] systemd[1]: Created slice System Slice.
[[0;32m  OK  [0m] Created slice System Slice.
[   12.751224] systemd[1]: Listening on Journal Socket.
[[0;32m  OK  [0m] Listening on Journal Socket.
[   12.753773] systemd[1]: Starting Remount Root and Kernel File Systems...
         Starting Remount Root and Kernel File Systems...
[   12.756420] systemd[1]: Mounting Huge Pages File System...
         Mounting Huge Pages File System...
[   12.759028] systemd[1]: Starting Set console keymap...
         Starting Set console keymap...
[   12.761725] systemd[1]: Starting Nameserver information manager...
         Starting Nameserver information manager...
[   12.764716] systemd[1]: Listening on LVM2 poll daemon socket.
[   12.765640] random: nonblocking pool is initialized
[[0;32m  OK  [0m] Listening on LVM2 poll daemon socket.
[   12.767679] systemd[1]: Listening on udev Control Socket.
[[0;32m  OK  [0m] [   12.773438] EXT4-fs (sda1): re-mounted. Opts: (null)
Listening on udev Control Socket.
[   12.775695] systemd[1]: Listening on LVM2 metadata daemon socket.
[[0;32m  OK  [0m] Listening on LVM2 metadata daemon socket.
[   12.779821] systedd11::SStarting Uncoppiicated firewall...
         Starting Uncomplicated firewall...
[   13.033527] systemd[1]: Listening on Device-mapper event daemon FIFOs.
[[0;32m  OK  [0m] Listening on Device-mapper event daemon FIFOs.
[   13.035851] systemd[1]: Starting Monitoring of LVM2 mirrors, snapshots etc. using dmeventd or progress polling...
         Starting Monitoring of LVM2 mirrors... dmeventd or progress polling...
[   13.038135] systemd[1]: Created slice system-serial\x2dgetty.slice.
[[0;32m  OK  [0m] Created slice system-serial\x2dgetty.slice.
[   13.042269] systemd[1]: Listening on Journal Audit Socket.
[[0;32m  OK  [0m] Listening on Journal Audit Socket.
[   13.101747] systemd[1]: Listening on udev Kernel Socket.
[[0;32m  OK  [0m] Listening on udev Kernel Socket.
[   13.103614] systemd[1]: Mounting Debug File System...
         Mounting Debug File System...
[   13.105756] systemd[1]: Reached target System Time Synchronized.
[[0;32m  OK  [0m] Reached target System Time Synchronized.
[   13.108460] systemd[1]: Set up automount Arbitrary Executable File Formats File System Automount Point.
[[0;32m  OK  [0m] Set up automount Arbitrary Executab...ats File System Automount Point.
[   13.115946] systemd[1]: Listening on Journal Socket (/dev/log).
[[0;32m  OK  [0m] Listening on Journal Socket (/dev/log).
[   13.118686] systemd[1]: Reached target Slices.
[[0;32m  OK  [0m] Reached target Slices.
[   13.121500] systemd[1]: Reached target Swap.
[[0;32m  OK  [0m] Reached target Swap.
[   13.124866] systemd[1]: Mounting POSIX Message Queue File System...
         Mounting POSIX Message Queue File System...
[   13.127899  yyttemd[1]: Started Forward Password Requests to Wall Directory Watch.
[[0;32m  OK  [0m] Started Forward Password Requests to Wall Directory Watch.
[   13.295696] systemd[1]: Reached target User and Group Name Lookups.
[[0;32m  OK  [0m] Reached target User and Group Name Lookups.
[   13.297413] systemd[1]: Listening on /dev/initctl Compatibility Named Pipe.
[[0;32m  OK  [0m] Listening on /dev/initctl Compatibility Named Pipe.
[   13.299166] systemd[1]: Listening on Syslog Socket.
[[0;32m  OK  [0m] Listening on Syslog Socket.
[   13.301039] systemd[1]: Starting Journal Service...
         Starting Journal Service...
[   13.302303] systemd[1]: Started Trigger resolvconf update for networkd DNS.
[[0;32m  OK  [0m] Started Trigger resolvconf update for networkd DNS.
[   13.308519] systemd[1]: Starting Load Kernel Modules...
         Starting Load Kernel Modules...
[   13.310551] systemd[1]: Starting Create list of required static device nodes for the current kernel...
         Starting Create list of required st... nodes for the current kernel...
[   13.314494] systemd[1]: Mounted Huge Pages File System.
[[0;32m  OK  [0m] Mounted Huge Pages File System.
[   13.316014] systemd[1]: Mounted POSIX Message Queue File System.
[[0;32m  OK  [0m] Mounted POSIX Message Queue File System.
[   13.318157] systemd[1]: Mounted Debug File System.
[[0;32m  OK  [0m] Mounted Debug File System.
[   13.321277] systemd[1]: Started Remount Root and Kernel File Systems.
[[0;32m  OK  [0m] Started Remount Root and Kernel File Systems.
[   13.323836] systemd[1]: Started Set console keymap.
[[0;32m  OK  [0m] Started Set console keymap.
[   13.327084] systemd[1]: Started Uncomplicated firewall.
[[0;32m  OK  [0m] Started Uncomplicated firewall.
[   13.331327] systemd[1]: Started Create list of required static device nodes for the current kernel.
[[0;32m  OK  [0m] Started Create list of required sta...ce nodes for the current kernel.
[   13.336296] systemd[1]: Started Nameserver information manager.
[[0;32m  OK  [0m] Started Nameserver information manager.
[   13.345876] Loadnn  SSSSI transport clss  2200-870.
[   13.62222]]ssystemd[1]: Started LVM2 metadata daemon.
[[0;32m  OK  [0m] Started LVM2 metadata daemon.
[   13.803981] systemd[1]: Starting Create Static Device Nodes in /dev...
         Starting Create Static Device Nodes in /dev...
[   13.810498] systemd[1]: Starting Load/Save Random Seed...
         [   13.842699] iscsi: registered transport (tcp)
Starting Load/Save Random Seed...
[   13.921621] systemd[1]: Starting udev Coldplug all Devices...
         Starting udev Coldplug all Devices...
[   13.927046] systemd[1]: Started Load/Save Random Seed.
[[0;32m  OK  [0m] Started Load/Save Random Seed.
[   13.937411  yyttmmd[1]  ttrreed Journal Service.
[[0;32m  OK  [0m] Started Journal Service.
         Starting Flush Journal to Persistent Storage...
[[0;32m  OK  [0m] Started udev Coldplug all Devices.
[[0;32m  OK  [0m] Started Monitoring of LVM2 mirrors,...ng dmeventd or progress polling.
[   14.39922]]sssstemd-journald[333::RRcciived request ooffuuhh runtime journal from PID 1
[[0;32m  OK  [0m] Started Flush Journal to Persistent Storage.
[[0;32m  OK  [0m] Started Create Static Device Nodes in /dev.
[[0;32m  OK  [0m] Reached target Local File Systems (Pre).
[[0;32m  OK  [0m] Reached target Local File Systems.
         Starting Commit a transient machine-id on disk...
         Starting Set console font and keymap...
         Starting Tell Plymouth To Write Out Runtime Data...
[   14.861211] iscsi: registered transport (iser)
         Starting LSB: AppArmor initialization...
         Starting Create Volatile Files and Directories...
         Starting Initial cloud-init job (pre-networking)...
         Starting udev Kernel Device Manager...
[[0;32m  OK  [0m] Started Load Kernel Modules.
[[0;32m  OK  [0m] Started Commit a transient machine-id on disk.
[[0;32m  OK  [0m] Started Create Volatile Files and Directories.
[[0;32m  OK  [0m] Started Tell Plymouth To Write Out Runtime Data.
         Starting Update UTMP about System Boot/Shutdown...
         Mounting FUSE Control File System...
         Starting Apply Kernel Variables...
[[0;32m  OK  [0m] Mounted FUSE Control File System.
[[0;32m  OK  [0m] Started Update UTMP about System Boot/Shutdown.
[[0;32m  OK  [0m] Started Apply Kernel Variables.
[[0;32m  OK  [0m] Started udev Kernel Device Manager.
[[0;32m  OK  [0m] Started Dispatch Password Requests to Console Directory Watch.
[[0;32m  OK  [0m] Found device /dev/ttyS0.
[[0;32m  OK  [0m] Listening on Load/Save RF Kill Switch Status /dev/rfkill Watch.
[[0;32m  OK  [0m] Started LSB: AppArmor initialization.
[[0;32m  OK  [0m] Started Set console font and keymap.
[[0;32m  OK  [0m] Created slice system-getty.slice.
[   16.154273] cloud-init[471]: Cloud-init v. 18.5-45-g3554ffe8-0ubuntu1~16.04.1 running 'init-local' at Tue, 02 Apr 2019 07:51:27 +0000. Up 15.89 seconds.
[[0;32m  OK  [0m] Started Initial cloud-init job (pre-networking).
[[0;32m  OK  [0m] Reached target Network (Pre).
         Starting Raise network interfaces...
[[0;32m  OK  [0m] Started Raise network interfaces.
[[0;32m  OK  [0m] Reached target Network.
         Starting Initial cloud-init job (metadata service crawler)...
[   20.794962] cloud-init[961]: Cloud-init v. 18.5-45-g3554ffe8-0ubuntu1~16.04.1 running 'init' at Tue, 02 Apr 2019 07:51:31 +0000. Up 19.95 seconds.
[   20.888676] cloud-init[961]: ci-info: ++++++++++++++++++++++++++++++++++++++Net device info++++++++++++++++++++++++++++++++++++++
[   20.897738] cloud-init[961]: ci-info: +--------+-------+---------------------------+---------------+--------+-------------------+[[0;32m  OK  [0m] Started Initial cloud-init job (metadata service crawler).

[   20.912264] cloud-init[961]: ci-info: | Device |   Up  |          Address          |      Mask     | Scope  |     Hw-Address    |
[   20.923297] cloud-init[961]: ci-info: +--------+-------+---------------------------+---------------+--------+-------------------+[[0;32m  OK  [0m] Reached target Network is Online.
         Starting iSCSI initiator daemon (iscsid)...
[[0;32m  OK  [0m] Reached target Cloud-config availability.
[[0;32m  OK  [0m] Reached target System Initialization.
[
[   20.928280] cloud-init[961]: ci-info: | enp0s3 |  True |         10.0.2.15         | 255.255.255.0 | global | 02:0a:56:fb:b9:09 |
[   20.929464] cloud-init[961]: ci-info: | enp0s3 |  True | fe80::a:56ff:fefb:b909/64 |       .       |  link  | 02:0a:56:fb:b9:09 |
[   20.930807] cloud-init[961]: ci-info: | enp0s8 | False |             .             |       .       |   .    | 08:00:27:f2:70:15 |[0;32m  OK  [0m] Listening on ACPID Listen Socket.
[[0;32m  OK  [0m] Listening on UUID daemon activation socket.
[[0;32m  OK  [0m] Started Daily apt download activities.
         Starting Socket activation for snappy daemon.

[   20.937199] cloud-init[961]: ci-info: |   lo   |  True |         127.0.0.1         |   255.0.0.0   |  host  |         .         |
[   20.956345] cloud-init[961]: ci-info: |   lo   |  True |          ::1/128          |       .       |  host  |         .         |
         Starting LXD - unix socket.
[[0;32m  OK  [0m[   20.977004] cloud-init[961]: ci-info: +--------+-------+---------------------------+---------------+--------+-------------------+
[   20.986616] cloud-init[961]: ci-info: +++++++++++++++++++++++++++Route IPv4 info++++++++++++++++++++++++++++
[   20.987070] cloud-init[961]: ci-info: +-------+-------------+----------+---------------+-----------+-------+
[   20.987138] cloud-init[961]: ci-info: | Route | Destination | Gateway  |    Genmask    | Interface | Flags |
[   20.987206] cloud-init[961]: ci-info: +-------+-------------+----------+---------------+-----------+-------+
[   20.987265] cloud-init[961]: ci-info: |   0   |   0.0.0.0   | 10.0.2.2 |    0.0.0.0    |   enp0s3  |   UG  |
[   20.987319] cloud-init[961]: ci-info: |   1   |   10.0.2.0  | 0.0.0.0  | 255.255.255.0 |   enp0s3  |   U   |
[   20.987376] cloud-init[961]: ci-info: +-------+-------------+----------+---------------+-----------+-------+
[   20.987507] cloud-init[961]: ci-info: +++++++++++++++++++Route IPv6 info+++++++++++++++++++
[   20.987580] cloud-init[961]: ci-info: +-------+-------------+---------+-----------+-------+
[   20.987638] cloud-init[961]: ci-info: | Route | Destination | Gateway | Interface | Flags |
[   20.987693] cloud-init[961]: ci-info: +-------+-------------+---------+-----------+-------+
[   20.987770] cloud-init[961]: ci-info: |   0   |  fe80::/64  |    ::   |   enp0s3  |   U   |
[   20.987859] cloud-init[961]: ci-info: |   4   |   ff00::/8  |    ::   |   enp0s3  |   U   |
[   20.987919] cloud-init[961]: ci-info: +-------+-------------+---------+-----------+-------+
[   20.987973] cloud-init[961]: Generating public/private rsa key pair.
] Started Daily apt upgrade and clean activities.
[[0;32m  OK  [0m] Listening on D-Bus System Message Bus Socket.
[[0;32m  OK  [0m] Started Daily Cleanup of Temporary Directories.
[   20.988126] cloud-init[961]: Your identification has been saved in /etc/ssh/ssh_host_rsa_key.[[0;32m  OK  [0m] Reached target Timers.

[   21.069615] cloud-init[961]: Your public key has been saved in /etc/ssh/ssh_host_rsa_key.pub.
[   21.079296] cloud-init[961]: The key fingerprint is:
[   21.080877] cloud-init[961]: SHA256:0sba07nlP/+4NwN0WQNP9c+GIvCdDyqzCeTjsCy33bo root@ubuntu-xenial
[[0;32m  OK  [0m] Started ACPI Events Check.
[[0;32m  OK  [0m] Reached target Paths.
[   21.105599] cloud-init[961]: The key's randomart image is:
[[0;32m  OK  [0m] Listening on Socket activation for snappy daemon.
[[   21.191588] cloud-init[961]: +---[RSA 2048]----+
[   21.217248] cloud-init[961]: |             ...o|
[   21.218394] cloud-init[961]: |              o.o|
[   21.219552] cloud-init[0;32m  OK  [0m] Listening on LXD - unix socket.
[[0;32m  OK  [0m] Started iSCSI initiator daemon (iscsid).
[961]: |        .      .=|
[   21.224904] cloud-init[961]: |       o o . o =.|
[   21.227669] cloud-init[961]: |      o S o * o +|
[   21.232128] cloud-init[961]: |     o = . + = . |
[   21.233126] cloud-init[961]: |    . = = + . o  |
[   21.236185] cloud-init[961]: |  ...= + * +  .+.|
[   21.236900] cloud-init[961]: |   o+.Eo+ . ..+=*|
[   21.237559] cloud-init[961]: +----[SHA256]-----+
[   21.238329] cloud-init[961]: Generating public/private dsa key pair.
[   21.239030] cloud-init[961]: Your identification has been saved in /etc/ssh/ssh_host_dsa_key.
[   21.239893]          Starting Login to default iSCSI targets...
[[0;32m  OK  [0m] Reached target Sockets.
[[0;32m  OK  [0m] Reached target Basic System.
         Starting Virtualbox guest utils...
cloud-init[961]: Your public key has been saved in /etc/ssh/ssh_host_dsa_key.pub.
         Starting Snappy daemon...
[   21.246621] cloud-init[961]: The key fingerprint is:
[[0;32m  OK  [0m] Started Regular background program processing daemon.
[[   21.253081] cloud-init[961]: SHA256:hhqvs3jLuR0HUM/nDOdCcrc+Bwj2cxl6h5bROidENq8 root@ubuntu-xenial
[   21.253266] cloud-init[961]: The key's randomart image is:
[   21.253293] cloud-init[961]: +---[DSA 1024]----+
[   21.253316] cloud-init[961]: |      .   +      |
[   21.253339] cloud-init[961]: |     . o o +     |
[   21.253361] cloud-init[961]: |    . + * B o    |
[   21.253389] cloud-init[961]: |     o B % X     |
[   21.253412] cloud-init[961]: |    . o S E o    |
[   21.253435] cloud-init[961]: |     + o B *     |
[   21.253457] cloud-init[961]: |    . o . o .    |
[   21.253479] cloud-init[961]: |   oo+ o   o     |
[   21.253502] cloud-init[961]: |  ..B=.          |
[   21.253525] cloud-init[961]: +----[SHA256]-----+
[   21.253549] cloud-init[961]: Generating public/private ecdsa key pair.
[   21.253572] cloud-init[961]: Your identification has been saved in /etc/ssh/ssh_host_ecdsa_key.
[   21.253595] cloud-init[961]: Your public key has been saved in /etc/ssh/ssh_host_ecdsa_key.pub.
[   21.253618] cloud-init[961]: The key fingerprint is:
[   21.253640] cloud-init[961]: SHA256:P7oORtLui/aIqhcvmsZ7k+zeTL+Ne475Z1BTliB/yt0 root@ubuntu-xenial
[   21.253663] cloud-init[961]: The key's randomart image is:
[   21.253685] cloud-init[961]: +---[ECDSA 256]---+
[   21.253708] cloud-init[961]: |         . .. .  |
[   21.253731] cloud-init[961]: |          o  +   |
[   21.253754] cloud-init[961]: |           .o.   |
[   21.253776] cloud-init[961]: |     .    .o+ .  |
[   21.253799] cloud-init[961]: |    . o S .o.. E |
[   21.253824] cloud-init[961]: |  .  +   o       |
[   21.253847] cloud-init[961]: |. .o..+   +      |
[   21.253870] cloud-init[961]: | +o**=..=o +     |
[   21.253892] cloud-init[961]: |B=*=+++XX=o      |
[   21.253926] cloud-init[961]: +----[SHA256]-----+
[   21.253958] cloud-init[961]: Generating public/private ed25519 key pair.
[   21.253981] cloud-init[961]: Your identification has been saved in /etc/ssh/ssh_host_ed25519_key.
[   21.254004] cloud-init[961]: Your public key has been saved in /etc/ssh/ssh_host_ed25519_key.pub.
[   21.254026] cloud-init[961]: The key fingerprint is:
[   21.254048] cloud-init[961]: SHA256:Tn6N1Tq6+L4zsYOeWv2J2lWL1yNs8rlsJPU2eOstDTA root@ubuntu-xenial
[   21.254072] cloud-init[961]: The key's randomart image is:
[   21.254094] cloud-init[961]: +--[ED25519 256]--+
[   21.254118] cloud-init[961]: |                 |
[   21.254140] cloud-init[961]: |                 |
[   21.254323] cloud-init[961]: |                 |
[   21.254349] cloud-init[961]: |            Eo   |
[   21.254372] cloud-init[961]: |        S   oo=  |
[   21.254394] cloud-init[961]: |       + ..=.*.B |
[   21.254419] cloud-init[961]: |        +.++O+=++|
[   21.254442] cloud-init[961]: |       ..=====+.+|
[   21.254464] cloud-init[961]: |      .o=+O*+=oo.|
[   21.254486] cloud-init[961]: +----[SHA256]-----+
[0;32m  OK  [0m] Started D-Bus System Message Bus.
         Starting LSB: MD monitoring daemon...
         Starting LXD - container startup/shutdown...
[[0;32m  OK  [0m] Started ACPI event daemon.
         Starting Login Service...
[[0;32m  OK  [0m] Started Unattended Upgrades Shutdown.
         Starting Accounts Service...
[[0;32m  OK  [0m] Started FUSE filesystem for LXC.
         Starting /etc/rc.local Compatibility...
         Starting Pollinate to seed the pseudo random number generator...
[[0;32m  OK  [0m] Started Deferred execution scheduler.
         Starting System Logging Service...
         Starting LSB: Record successful boot for GRUB...
[[0;32m  OK  [0m] Started /etc/rc.local Compatibility.
[[0;32m  OK  [0m] Started Login Service.
[[0;32m  OK  [0m] Started System Logging Service.
[[0;32m  OK  [0m] Started Login to default iSCSI targets.
[[0;32m  OK  [0m] Reached target Remote File Systems (Pre).
[[0;32m  OK  [0m] Reached target Remote File Systems.
         Starting LSB: automatic crash report generation...
         Starting LSB: Set the CPU Frequency Scaling governor to "ondemand"...
         Starting LSB: daemon to balance interrupts for SMP systems...
         Starting Permit User Sessions...
[[0;32m  OK  [0m] Started LSB: Record successful boot for GRUB.
[[0;32m  OK  [0m] Started Permit User Sessions.
[[0;32m  OK  [0m] Started LSB: MD monitoring daemon.
[[0;32m  OK  [0m] Started LSB: Set the CPU Frequency Scaling governor to "ondemand".
[[0;32m  OK  [0m] Started LSB: daemon to balance interrupts for SMP systems.
         Starting Authenticate and Authorize Users to Run Privileged Tasks...
         Starting Hold until boot process finishes up...
         Starting Terminate Plymouth Boot Screen...
[[0;32m  OK  [0m] Started Virtualbox guest utils.
[[0;32m  OK  [0m] Started LSB: automatic crash report generation.
[[0;32m  OK  [0m] Started Hold until boot process finishes up.
[[0;32m  OK  [0m] Started Terminate Plymouth Boot Screen.
         Starting Set console scheme...
[[0;32m  OK  [0m] Started Serial Getty on ttyS0.
[[0;32m  OK  [0m] Started Getty on tty1.
[[0;32m  OK  [0m] Reached target Login Prompts.
[[0;32m  OK  [0m] Started Set console scheme.
[[0;32m  OK  [0m] Started Authenticate and Authorize Users to Run Privileged Tasks.
[[0;32m  OK  [0m] Started Accounts Service.
[[0;32m  OK  [0m] Started Snappy daemon.
         Starting Wait until snapd is fully seeded...
[[0;32m  OK  [0m] Started LXD - container startup/shutdown.
[[0;32m  OK  [0m] Started Pollinate to seed the pseudo random number generator.
         Starting OpenBSD Secure Shell server...
[[0;32m  OK  [0m] Started OpenBSD Secure Shell server.
[[0;32m  OK  [0m] Started Wait until snapd is fully seeded.
         Starting Apply the settings specified in cloud-config...
[[0;32m  OK  [0m] Reached target Multi-User System.
[[0;32m  OK  [0m] Reached target Graphical Interface.
         Starting Update UTMP about System Runlevel Changes...
[[0;32m  OK  [0m] Started Update UTMP about System Runlevel Changes.
[   23.983694] cloud-init[1306]: Generating locales (this might take a while)...
[   24.703711] cloud-init[1306]:   en_US.UTF-8... done
[   24.724482] cloud-init[1306]: Generation complete.
[   25.288121] cloud-init[1306]: Cloud-init v. 18.5-45-g3554ffe8-0ubuntu1~16.04.1 running 'modules:config' at Tue, 02 Apr 2019 07:51:35 +0000. Up 23.77 seconds.
[[0;32m  OK  [0m] Started Apply the settings specified in cloud-config.
         Starting Execute cloud user/final scripts...
ci-info: no authorized ssh keys fingerprints found for user ubuntu.
<14>Apr  2 07:51:37 ec2: 
<14>Apr  2 07:51:37 ec2: #############################################################
<14>Apr  2 07:51:37 ec2: -----BEGIN SSH HOST KEY FINGERPRINTS-----
<14>Apr  2 07:51:37 ec2: 1024 SHA256:hhqvs3jLuR0HUM/nDOdCcrc+Bwj2cxl6h5bROidENq8 root@ubuntu-xenial (DSA)
<14>Apr  2 07:51:37 ec2: 256 SHA256:P7oORtLui/aIqhcvmsZ7k+zeTL+Ne475Z1BTliB/yt0 root@ubuntu-xenial (ECDSA)
<14>Apr  2 07:51:37 ec2: 256 SHA256:Tn6N1Tq6+L4zsYOeWv2J2lWL1yNs8rlsJPU2eOstDTA root@ubuntu-xenial (ED25519)
<14>Apr  2 07:51:37 ec2: 2048 SHA256:0sba07nlP/+4NwN0WQNP9c+GIvCdDyqzCeTjsCy33bo root@ubuntu-xenial (RSA)
<14>Apr  2 07:51:37 ec2: -----END SSH HOST KEY FINGERPRINTS-----
<14>Apr  2 07:51:37 ec2: #############################################################
-----BEGIN SSH HOST KEY KEYS-----
ecdsa-sha2-nistp256 AAAAE2VjZHNhLXNoYTItbmlzdHAyNTYAAAAIbmlzdHAyNTYAAABBBHKquuvD53OYw445juHxmACQLvhnzpzkr+pFA6v2UnUBP9WFAfp3S+OAA0tWEEZF2J6fFrAViYHXvAD5/f3UBSg= root@ubuntu-xenial
ssh-ed25519 AAAAC3NzaC1lZDI1NTE5AAAAIIqQzQy/pqG3/UxKJ+Nr2YolpdMp065S3iqv5HzR6h9N root@ubuntu-xenial
ssh-rsa AAAAB3NzaC1yc2EAAAADAQABAAABAQDb0HHI5XGH5+GjYdjNf8j3jdfy7asT46S7OSru/VV9nAxnVIIIdrOZAEHbP74A8W4faTZOruAqI2opRv2GoEVdJ3p2HbLGGBZvTa8Tr5y6zRrrFLs0We5egdcV7FGcNcnD2psqQSuitMW2lczenqrxggnY90rufNI3Ya5rAsEmsMAvgFluIZbikaQe8NO6VScJP79+nWu1MFoPnnh+XbqhjfzKwJMTYrKraC/C98BMjBfJqDLQn2iK6wsmK96pSbr3ZP3sU/SEWpTEqO9ZKmBYwRY2Wo+aLuPD398uzhyK9+9cqn1fKmY+JL/pR/E0LbTtaPK9/zDaClfzm/+oAHTj root@ubuntu-xenial
-----END SSH HOST KEY KEYS-----
[   25.751059] cloud-init[1350]: Cloud-init v. 18.5-45-g3554ffe8-0ubuntu1~16.04.1 running 'modules:final' at Tue, 02 Apr 2019 07:51:37 +0000. Up 25.54 seconds.
[   25.753600] cloud-init[1350]: ci-info: no authorized ssh keys fingerprints found for user ubuntu.
[   25.754900] cloud-init[1350]: Cloud-init v. 18.5-45-g3554ffe8-0ubuntu1~16.04.1 finished at Tue, 02 Apr 2019 07:51:37 +0000. Datasource DataSourceNoCloud [seed=/dev/sdb][dsmode=net].  Up 25.74 seconds
[[0;32m  OK  [0m] Started Execute cloud user/final scripts.
[[0;32m  OK  [0m] Reached target Cloud-init target.

Ubuntu 16.04.6 LTS ubuntu-xenial ttyS0

ubuntu-xenial login: 